# Update/Historic log file.
#
# $Id: update.log  1.0.4 2004/07/26 17:04:58 Yann Allandit $
#==============================================================================
#        Copyright (c) 2004 Hewlett Packard, Cupertino, CA
#                    All Rights Reserved
#==============================================================================
#
#  MM/DD/YY	BUILD	  BY                Modification History
#  07/26/04	20040726  Yann Allandit     First public release
#  07/28/04		  Yann Allandit     Fix rsh setting problem
#  07/28/04	20040728  Yann Allandit     Update for avoiding nodes name double input
#  07/29/04	20040729  Yann Allandit     Update for .rhosts definition for oracle user
#  08/02/04		  Yann Allandit     ssh setting added for oracle user 
#  08/02/04	20040802  Yann Allandit     Compiler release managment update 
#  08/02/04	20040802  Yann Allandit     Compiler release managment update 
#  08/06/04	20040806  Yann Allandit     Update path of oracle bash_profile
#  08/11/04	20040811  Yann Allandit     Fix nproc typo - delete unused file in packages subdir (thanks M Gross and JY Bocahu)
#  04/27/05     20050427  Yann Allandit     Fix variable increment counter 
#  03/02/16     20160302  Yann Allandit     Update OS7.sh in order to support setup of RAC 12c on RH7 & CentOS 7
#  03/02/16     20160302  Yann Allandit     Support enablement for 12 nodes 
#  03/03/16     20160303  Yann Allandit     Update create user for RAC 12c and 12 nodes
#  03/09/16     20160309  Yann Allandit     Change scripts naming for execution order clarity
#  04/06/16     20160406  Yann Allandit     Added support for RHEL/CentOS 6.x
#  04/06/16     20160406  Yann Allandit     Added smart kernel shm setting
#  04/06/16     20160406  Yann Allandit     Added ssh connection for the grid user
#  04/12/16     20160406  Yann Allandit     Added "password" as default pwd for oracle and grid users
#  04/27/16     20160406  Yann Allandit     Update pam.d for Oracle, add hugepages setting for the database
#  04/27/16     20160406  Yann Allandit     Disable transparent hugepages
#  04/27/16     20160406  Yann Allandit     Update /etc/profile with limit values
#  05/04/16     20160504  Yann Allandit     Add the silent installation capability
#  05/10/16     20160504  Yann Allandit     Fix THP and Hugepages setting bug
#  06/23/16     20160623  Yann Allandit     Add oraInventory location, change $OH and $OB for Grid user 
#  06/23/16     20160623  Yann Allandit     Change shm and Hugepages setting

